<?xml version="1.0" encoding="UTF-8"?>
<!-- Generated by org.testng.reporters.JUnitReportReporter -->
<testsuite skipped="0" hostname="DESKTOP-E271G7Q" name="facebook.NewTest" tests="2" failures="0" timestamp="10 Nov 2018 09:51:04 GMT" time="0.017" errors="0">
  <testcase name="MicrosoftEdgeTest1" time="0.014" classname="facebook.NewTest"/>
  <testcase name="MicrosoftEdgeTest2" time="0.003" classname="facebook.NewTest"/>
</testsuite> <!-- facebook.NewTest -->
